Arguments: 
  /opt/homebrew/Cellar/node/18.9.0/bin/node /opt/homebrew/Cellar/yarn/1.22.19/libexec/bin/yarn.js ios

PATH: 
  /Library/Frameworks/Python.framework/Versions/3.10/bin:/opt/homebrew/bin:/opt/homebrew/sbin:/usr/local/bin:/usr/bin:/bin:/usr/sbin:/sbin:/Library/Apple/usr/bin:/Library/Frameworks/Python.framework/Versions/3.10/bin:/opt/homebrew/bin:/opt/homebrew/sbin

Yarn version: 
  1.22.19

Node version: 
  18.9.0

Platform: 
  darwin arm64

Trace: 
  SyntaxError: /Users/anikamahns/Documents/GitHub/stellasonos-v3/package.json: Unexpected string in JSON at position 930
      at JSON.parse (<anonymous>)
      at /opt/homebrew/Cellar/yarn/1.22.19/libexec/lib/cli.js:1629:59
      at Generator.next (<anonymous>)
      at step (/opt/homebrew/Cellar/yarn/1.22.19/libexec/lib/cli.js:310:30)
      at /opt/homebrew/Cellar/yarn/1.22.19/libexec/lib/cli.js:321:13

npm manifest: 
  {
    "name": "stellasonos-v3",
    "version": "1.0.0",
    "main": "node_modules/expo/AppEntry.js",
    "scripts": {
      "start": "expo start",
      "android": "expo start --android",
      "ios": "expo start --ios",
      "web": "expo start --web"
    },
    "dependencies": {
      "@expo/ngrok": "^2.5.0",
      "@react-navigation/native": "^6.0.13",
      "@react-navigation/native-stack": "^6.9.1",
      "@ant-design/icons": "^4.7.0",
      "@ant-design/icons-react-native": "^2.3.2",
      "@expo/vector-icons": "github:expo/vector-icons",
      "@rneui/base": "^4.0.0-rc.6",
      "@rneui/themed": "^4.0.0-rc.6",
      "antd-mobile-icons": "^0.3.0",
      "expo": "~46.0.13",
      "expo-speech": "~10.3.0",
      "expo-status-bar": "~1.4.0",
      "react": "18.0.0",
      "react-native": "0.69.6",
      "react-native-deck-swiper": "^2.0.10",
      "react-native-safe-area-context": "4.3.1",
      "react-native-screens": "~3.15.0",
      "react-navigation": "^4.4.4"
      "react-icons": "^4.4.0",
      "react-native-gesture-handler": "^2.7.1",
      "react-native-popup-dialog": "^0.18.3",
    },
    "devDependencies": {
      "@babel/core": "^7.12.9",
      "@expo/ngrok": "^4.1.0"
    },
    "private": true
  }

yarn manifest: 
  No manifest

Lockfile: 
  No lockfile
